<?xml version="1.0" encoding="UTF-8"?>
<testsuite xmlns:xsi="http://www.w3.org/2001/XMLSchema-instance" xsi:noNamespaceSchemaLocation="https://maven.apache.org/surefire/maven-surefire-plugin/xsd/surefire-test-report.xsd" version="3.0.2" name="com.rey.template.ZkTemplateApplicationTests" time="6.723" tests="1" errors="0" skipped="0" failures="0" flakes="0">
  <properties>
[...]
</properties>
  <testcase name="generateHash" classname="com.rey.template.ZkTemplateApplicationTests" time="0.43">
    <system-out><![CDATA[00:03:42.255 [main] INFO org.springframework.test.context.support.AnnotationConfigContextLoaderUtils -- Could not detect default configuration classes for test class [com.rey.template.ZkTemplateApplicationTests]: ZkTemplateApplicationTests does not declare any static, non-private, non-final, nested classes annotated with @Configuration.
00:03:42.385 [main] INFO org.springframework.boot.test.context.SpringBootTestContextBootstrapper -- Found @SpringBootConfiguration com.rey.template.ZkTemplateApplication for test class com.rey.template.ZkTemplateApplicationTests
2026-06-10T00:03:42.901+07:00  INFO 40004 --- [zk-template] [           main] c.r.template.ZkTemplateApplicationTests  : Starting ZkTemplateApplicationTests using Java 22.0.2 with PID 40004 (started by Reyy in D:\Project\Rey\zk-template)
2026-06-10T00:03:42.903+07:00  INFO 40004 --- [zk-template] [           main] c.r.template.ZkTemplateApplicationTests  : No active profile set, falling back to 1 default profile: "default"
2026-06-10T00:03:43.610+07:00  INFO 40004 --- [zk-template] [           main] .s.d.r.c.RepositoryConfigurationDelegate : Bootstrapping Spring Data JPA repositories in DEFAULT mode.
2026-06-10T00:03:43.685+07:00  INFO 40004 --- [zk-template] [           main] .s.d.r.c.RepositoryConfigurationDelegate : Finished Spring Data repository scanning in 67 ms. Found 6 JPA repository interfaces.
2026-06-10T00:03:44.216+07:00  INFO 40004 --- [zk-template] [           main] o.hibernate.jpa.internal.util.LogHelper  : HHH000204: Processing PersistenceUnitInfo [name: default]
2026-06-10T00:03:44.283+07:00  INFO 40004 --- [zk-template] [           main] org.hibernate.Version                    : HHH000412: Hibernate ORM core version 6.6.49.Final
2026-06-10T00:03:44.318+07:00  INFO 40004 --- [zk-template] [           main] o.h.c.internal.RegionFactoryInitiator    : HHH000026: Second-level cache disabled
2026-06-10T00:03:44.792+07:00  INFO 40004 --- [zk-template] [           main] o.s.o.j.p.SpringPersistenceUnitInfo      : No LoadTimeWeaver setup: ignoring JPA class transformer
2026-06-10T00:03:44.840+07:00  INFO 40004 --- [zk-template] [           main] com.zaxxer.hikari.HikariDataSource       : HikariPool-1 - Starting...
2026-06-10T00:03:45.418+07:00  INFO 40004 --- [zk-template] [           main] com.zaxxer.hikari.pool.HikariPool        : HikariPool-1 - Added connection org.postgresql.jdbc.PgConnection@11574592
2026-06-10T00:03:45.419+07:00  INFO 40004 --- [zk-template] [           main] com.zaxxer.hikari.HikariDataSource       : HikariPool-1 - Start completed.
2026-06-10T00:03:45.635+07:00  INFO 40004 --- [zk-template] [           main] org.hibernate.orm.connections.pooling    : HHH10001005: Database info:
	Database JDBC URL [Connecting through datasource 'HikariDataSource (HikariPool-1)']
	Database driver: undefined/unknown
	Database version: 16.8
	Autocommit mode: undefined/unknown
	Isolation level: undefined/unknown
	Minimum pool size: undefined/unknown
	Maximum pool size: undefined/unknown
2026-06-10T00:03:46.736+07:00  INFO 40004 --- [zk-template] [           main] o.h.e.t.j.p.i.JtaPlatformInitiator       : HHH000489: No JTA platform available (set 'hibernate.transaction.jta.platform' to enable JTA platform integration)
2026-06-10T00:03:46.915+07:00  INFO 40004 --- [zk-template] [           main] j.LocalContainerEntityManagerFactoryBean : Initialized JPA EntityManagerFactory for persistence unit 'default'
2026-06-10T00:03:47.217+07:00  INFO 40004 --- [zk-template] [           main] o.s.d.j.r.query.QueryEnhancerFactory     : Hibernate is in classpath; If applicable, HQL parser will be used.
REGISTERING ZK LOADER
2026-06-10T00:03:47.910+07:00  WARN 40004 --- [zk-template] [           main] JpaBaseConfiguration$JpaWebConfiguration : spring.jpa.open-in-view is enabled by default. Therefore, database queries may be performed during view rendering. Explicitly configure spring.jpa.open-in-view to disable this warning
2026-06-10T00:03:48.337+07:00  INFO 40004 --- [zk-template] [           main] c.r.template.ZkTemplateApplicationTests  : Started ZkTemplateApplicationTests in 5.785 seconds (process running for 6.842)
GENERATED_HASH_START:$2a$10$BsSC8q7MKdfByt9yP6TmfOYNpuSIcROpcjvDQjKDO3JX3BxC7FV26:GENERATED_HASH_END
]]></system-out>
    <system-err><![CDATA[Mockito is currently self-attaching to enable the inline-mock-maker. This will no longer work in future releases of the JDK. Please add Mockito as an agent to your build as described in Mockito's documentation: https://javadoc.io/doc/org.mockito/mockito-core/latest/org.mockito/org/mockito/Mockito.html#0.3
WARNING: A Java agent has been loaded dynamically (C:\Users\Reyy\.m2\repository\net\bytebuddy\byte-buddy-agent\1.17.8\byte-buddy-agent-1.17.8.jar)
WARNING: If a serviceability tool is in use, please run with -XX:+EnableDynamicAgentLoading to hide this warning
WARNING: If a serviceability tool is not in use, please run with -Djdk.instrument.traceUsage for more information
WARNING: Dynamic loading of agents will be disallowed by default in a future release
]]></system-err>
  </testcase>
</testsuite>